[2020-12-21 17:20:39] local.ERROR: Command "ui" is not defined. {"exception":"[object] (Symfony\\Component\\Console\\Exception\\CommandNotFoundException(code: 0): Command \"ui\" is not defined. at /home/maher/Desktop/ERP-Back-End/erp/vendor/symfony/console/Application.php:675)
[stacktrace]
#0 /home/maher/Desktop/ERP-Back-End/erp/vendor/symfony/console/Application.php(254): Symfony\\Component\\Console\\Application->find()
#1 /home/maher/Desktop/ERP-Back-End/erp/vendor/symfony/console/Application.php(166): Symfony\\Component\\Console\\Application->doRun()
#2 /home/maher/Desktop/ERP-Back-End/erp/vendor/laravel/framework/src/Illuminate/Console/Application.php(93): Symfony\\Component\\Console\\Application->run()
#3 /home/maher/Desktop/ERP-Back-End/erp/vendor/laravel/framework/src/Illuminate/Foundation/Console/Kernel.php(129): Illuminate\\Console\\Application->run()
#4 /home/maher/Desktop/ERP-Back-End/erp/artisan(37): Illuminate\\Foundation\\Console\\Kernel->handle()
#5 {main}
"} 
[2020-12-29 01:39:13] local.ERROR: Target class [App\Http\Controllers\TeamContoller] does not exist. {"exception":"[object] (Illuminate\\Contracts\\Container\\BindingResolutionException(code: 0): Target class [App\\Http\\Controllers\\TeamContoller] does not exist. at /home/maher/Desktop/ERP-Back-End/erp/vendor/laravel/framework/src/Illuminate/Container/Container.php:811)
[stacktrace]
#0 /home/maher/Desktop/ERP-Back-End/erp/vendor/laravel/framework/src/Illuminate/Container/Container.php(691): Illuminate\\Container\\Container->build()
#1 /home/maher/Desktop/ERP-Back-End/erp/vendor/laravel/framework/src/Illuminate/Foundation/Application.php(796): Illuminate\\Container\\Container->resolve()
#2 /home/maher/Desktop/ERP-Back-End/erp/vendor/laravel/framework/src/Illuminate/Container/Container.php(637): Illuminate\\Foundation\\Application->resolve()
#3 /home/maher/Desktop/ERP-Back-End/erp/vendor/laravel/framework/src/Illuminate/Foundation/Application.php(781): Illuminate\\Container\\Container->make()
#4 /home/maher/Desktop/ERP-Back-End/erp/vendor/laravel/framework/src/Illuminate/Routing/Route.php(253): Illuminate\\Foundation\\Application->make()
#5 /home/maher/Desktop/ERP-Back-End/erp/vendor/laravel/framework/src/Illuminate/Routing/Route.php(970): Illuminate\\Routing\\Route->getController()
#6 /home/maher/Desktop/ERP-Back-End/erp/vendor/laravel/framework/src/Illuminate/Routing/Route.php(931): Illuminate\\Routing\\Route->controllerMiddleware()
#7 /home/maher/Desktop/ERP-Back-End/erp/vendor/laravel/framework/src/Illuminate/Routing/Router.php(702): Illuminate\\Routing\\Route->gatherMiddleware()
#8 /home/maher/Desktop/ERP-Back-End/erp/vendor/laravel/framework/src/Illuminate/Routing/Router.php(678): Illuminate\\Routing\\Router->gatherRouteMiddleware()
#9 /home/maher/Desktop/ERP-Back-End/erp/vendor/laravel/framework/src/Illuminate/Routing/Router.php(662): Illuminate\\Routing\\Router->runRouteWithinStack()
#10 /home/maher/Desktop/ERP-Back-End/erp/vendor/laravel/framework/src/Illuminate/Routing/Router.php(628): Illuminate\\Routing\\Router->runRoute()
#11 /home/maher/Desktop/ERP-Back-End/erp/vendor/laravel/framework/src/Illuminate/Routing/Router.php(617): Illuminate\\Routing\\Router->dispatchToRoute()
#12 /home/maher/Desktop/ERP-Back-End/erp/vendor/laravel/framework/src/Illuminate/Foundation/Http/Kernel.php(165): Illuminate\\Routing\\Router->dispatch()
#13 /home/maher/Desktop/ERP-Back-End/erp/vendor/laravel/framework/src/Illuminate/Pipeline/Pipeline.php(128): Illuminate\\Foundation\\Http\\Kernel->Illuminate\\Foundation\\Http\\{closure}()
#14 /home/maher/Desktop/ERP-Back-End/erp/vendor/laravel/framework/src/Illuminate/Foundation/Http/Middleware/TransformsRequest.php(21): Illuminate\\Pipeline\\Pipeline->Illuminate\\Pipeline\\{closure}()
#15 /home/maher/Desktop/ERP-Back-End/erp/vendor/laravel/framework/src/Illuminate/Pipeline/Pipeline.php(167): Illuminate\\Foundation\\Http\\Middleware\\TransformsRequest->handle()
#16 /home/maher/Desktop/ERP-Back-End/erp/vendor/laravel/framework/src/Illuminate/Foundation/Http/Middleware/TransformsRequest.php(21): Illuminate\\Pipeline\\Pipeline->Illuminate\\Pipeline\\{closure}()
#17 /home/maher/Desktop/ERP-Back-End/erp/vendor/laravel/framework/src/Illuminate/Pipeline/Pipeline.php(167): Illuminate\\Foundation\\Http\\Middleware\\TransformsRequest->handle()
#18 /home/maher/Desktop/ERP-Back-End/erp/vendor/laravel/framework/src/Illuminate/Foundation/Http/Middleware/ValidatePostSize.php(27): Illuminate\\Pipeline\\Pipeline->Illuminate\\Pipeline\\{closure}()
#19 /home/maher/Desktop/ERP-Back-End/erp/vendor/laravel/framework/src/Illuminate/Pipeline/Pipeline.php(167): Illuminate\\Foundation\\Http\\Middleware\\ValidatePostSize->handle()
#20 /home/maher/Desktop/ERP-Back-End/erp/vendor/laravel/framework/src/Illuminate/Foundation/Http/Middleware/CheckForMaintenanceMode.php(63): Illuminate\\Pipeline\\Pipeline->Illuminate\\Pipeline\\{closure}()
#21 /home/maher/Desktop/ERP-Back-End/erp/vendor/laravel/framework/src/Illuminate/Pipeline/Pipeline.php(167): Illuminate\\Foundation\\Http\\Middleware\\CheckForMaintenanceMode->handle()
#22 /home/maher/Desktop/ERP-Back-End/erp/vendor/fruitcake/laravel-cors/src/HandleCors.php(57): Illuminate\\Pipeline\\Pipeline->Illuminate\\Pipeline\\{closure}()
#23 /home/maher/Desktop/ERP-Back-End/erp/vendor/laravel/framework/src/Illuminate/Pipeline/Pipeline.php(167): Fruitcake\\Cors\\HandleCors->handle()
#24 /home/maher/Desktop/ERP-Back-End/erp/vendor/fideloper/proxy/src/TrustProxies.php(57): Illuminate\\Pipeline\\Pipeline->Illuminate\\Pipeline\\{closure}()
#25 /home/maher/Desktop/ERP-Back-End/erp/vendor/laravel/framework/src/Illuminate/Pipeline/Pipeline.php(167): Fideloper\\Proxy\\TrustProxies->handle()
#26 /home/maher/Desktop/ERP-Back-End/erp/vendor/laravel/framework/src/Illuminate/Pipeline/Pipeline.php(103): Illuminate\\Pipeline\\Pipeline->Illuminate\\Pipeline\\{closure}()
#27 /home/maher/Desktop/ERP-Back-End/erp/vendor/laravel/framework/src/Illuminate/Foundation/Http/Kernel.php(140): Illuminate\\Pipeline\\Pipeline->then()
#28 /home/maher/Desktop/ERP-Back-End/erp/vendor/laravel/framework/src/Illuminate/Foundation/Http/Kernel.php(109): Illuminate\\Foundation\\Http\\Kernel->sendRequestThroughRouter()
#29 /home/maher/Desktop/ERP-Back-End/erp/public/index.php(55): Illuminate\\Foundation\\Http\\Kernel->handle()
#30 /home/maher/Desktop/ERP-Back-End/erp/server.php(21): require_once('/home/maher/Des...')
#31 {main}

[previous exception] [object] (ReflectionException(code: -1): Class App\\Http\\Controllers\\TeamContoller does not exist at /home/maher/Desktop/ERP-Back-End/erp/vendor/laravel/framework/src/Illuminate/Container/Container.php:809)
[stacktrace]
#0 /home/maher/Desktop/ERP-Back-End/erp/vendor/laravel/framework/src/Illuminate/Container/Container.php(809): ReflectionClass->__construct()
#1 /home/maher/Desktop/ERP-Back-End/erp/vendor/laravel/framework/src/Illuminate/Container/Container.php(691): Illuminate\\Container\\Container->build()
#2 /home/maher/Desktop/ERP-Back-End/erp/vendor/laravel/framework/src/Illuminate/Foundation/Application.php(796): Illuminate\\Container\\Container->resolve()
#3 /home/maher/Desktop/ERP-Back-End/erp/vendor/laravel/framework/src/Illuminate/Container/Container.php(637): Illuminate\\Foundation\\Application->resolve()
#4 /home/maher/Desktop/ERP-Back-End/erp/vendor/laravel/framework/src/Illuminate/Foundation/Application.php(781): Illuminate\\Container\\Container->make()
#5 /home/maher/Desktop/ERP-Back-End/erp/vendor/laravel/framework/src/Illuminate/Routing/Route.php(253): Illuminate\\Foundation\\Application->make()
#6 /home/maher/Desktop/ERP-Back-End/erp/vendor/laravel/framework/src/Illuminate/Routing/Route.php(970): Illuminate\\Routing\\Route->getController()
#7 /home/maher/Desktop/ERP-Back-End/erp/vendor/laravel/framework/src/Illuminate/Routing/Route.php(931): Illuminate\\Routing\\Route->controllerMiddleware()
#8 /home/maher/Desktop/ERP-Back-End/erp/vendor/laravel/framework/src/Illuminate/Routing/Router.php(702): Illuminate\\Routing\\Route->gatherMiddleware()
#9 /home/maher/Desktop/ERP-Back-End/erp/vendor/laravel/framework/src/Illuminate/Routing/Router.php(678): Illuminate\\Routing\\Router->gatherRouteMiddleware()
#10 /home/maher/Desktop/ERP-Back-End/erp/vendor/laravel/framework/src/Illuminate/Routing/Router.php(662): Illuminate\\Routing\\Router->runRouteWithinStack()
#11 /home/maher/Desktop/ERP-Back-End/erp/vendor/laravel/framework/src/Illuminate/Routing/Router.php(628): Illuminate\\Routing\\Router->runRoute()
#12 /home/maher/Desktop/ERP-Back-End/erp/vendor/laravel/framework/src/Illuminate/Routing/Router.php(617): Illuminate\\Routing\\Router->dispatchToRoute()
#13 /home/maher/Desktop/ERP-Back-End/erp/vendor/laravel/framework/src/Illuminate/Foundation/Http/Kernel.php(165): Illuminate\\Routing\\Router->dispatch()
#14 /home/maher/Desktop/ERP-Back-End/erp/vendor/laravel/framework/src/Illuminate/Pipeline/Pipeline.php(128): Illuminate\\Foundation\\Http\\Kernel->Illuminate\\Foundation\\Http\\{closure}()
#15 /home/maher/Desktop/ERP-Back-End/erp/vendor/laravel/framework/src/Illuminate/Foundation/Http/Middleware/TransformsRequest.php(21): Illuminate\\Pipeline\\Pipeline->Illuminate\\Pipeline\\{closure}()
#16 /home/maher/Desktop/ERP-Back-End/erp/vendor/laravel/framework/src/Illuminate/Pipeline/Pipeline.php(167): Illuminate\\Foundation\\Http\\Middleware\\TransformsRequest->handle()
#17 /home/maher/Desktop/ERP-Back-End/erp/vendor/laravel/framework/src/Illuminate/Foundation/Http/Middleware/TransformsRequest.php(21): Illuminate\\Pipeline\\Pipeline->Illuminate\\Pipeline\\{closure}()
#18 /home/maher/Desktop/ERP-Back-End/erp/vendor/laravel/framework/src/Illuminate/Pipeline/Pipeline.php(167): Illuminate\\Foundation\\Http\\Middleware\\TransformsRequest->handle()
#19 /home/maher/Desktop/ERP-Back-End/erp/vendor/laravel/framework/src/Illuminate/Foundation/Http/Middleware/ValidatePostSize.php(27): Illuminate\\Pipeline\\Pipeline->Illuminate\\Pipeline\\{closure}()
#20 /home/maher/Desktop/ERP-Back-End/erp/vendor/laravel/framework/src/Illuminate/Pipeline/Pipeline.php(167): Illuminate\\Foundation\\Http\\Middleware\\ValidatePostSize->handle()
#21 /home/maher/Desktop/ERP-Back-End/erp/vendor/laravel/framework/src/Illuminate/Foundation/Http/Middleware/CheckForMaintenanceMode.php(63): Illuminate\\Pipeline\\Pipeline->Illuminate\\Pipeline\\{closure}()
#22 /home/maher/Desktop/ERP-Back-End/erp/vendor/laravel/framework/src/Illuminate/Pipeline/Pipeline.php(167): Illuminate\\Foundation\\Http\\Middleware\\CheckForMaintenanceMode->handle()
#23 /home/maher/Desktop/ERP-Back-End/erp/vendor/fruitcake/laravel-cors/src/HandleCors.php(57): Illuminate\\Pipeline\\Pipeline->Illuminate\\Pipeline\\{closure}()
#24 /home/maher/Desktop/ERP-Back-End/erp/vendor/laravel/framework/src/Illuminate/Pipeline/Pipeline.php(167): Fruitcake\\Cors\\HandleCors->handle()
#25 /home/maher/Desktop/ERP-Back-End/erp/vendor/fideloper/proxy/src/TrustProxies.php(57): Illuminate\\Pipeline\\Pipeline->Illuminate\\Pipeline\\{closure}()
#26 /home/maher/Desktop/ERP-Back-End/erp/vendor/laravel/framework/src/Illuminate/Pipeline/Pipeline.php(167): Fideloper\\Proxy\\TrustProxies->handle()
#27 /home/maher/Desktop/ERP-Back-End/erp/vendor/laravel/framework/src/Illuminate/Pipeline/Pipeline.php(103): Illuminate\\Pipeline\\Pipeline->Illuminate\\Pipeline\\{closure}()
#28 /home/maher/Desktop/ERP-Back-End/erp/vendor/laravel/framework/src/Illuminate/Foundation/Http/Kernel.php(140): Illuminate\\Pipeline\\Pipeline->then()
#29 /home/maher/Desktop/ERP-Back-End/erp/vendor/laravel/framework/src/Illuminate/Foundation/Http/Kernel.php(109): Illuminate\\Foundation\\Http\\Kernel->sendRequestThroughRouter()
#30 /home/maher/Desktop/ERP-Back-End/erp/public/index.php(55): Illuminate\\Foundation\\Http\\Kernel->handle()
#31 /home/maher/Desktop/ERP-Back-End/erp/server.php(21): require_once('/home/maher/Des...')
#32 {main}
"} 
[2020-12-29 07:25:47] local.ERROR: Class 'App\Http\Controllers\Employees' not found {"exception":"[object] (Error(code: 0): Class 'App\\Http\\Controllers\\Employees' not found at /home/maher/Desktop/ERP-Back-End/erp/app/Http/Controllers/EmployeeController.php:17)
[stacktrace]
#0 /home/maher/Desktop/ERP-Back-End/erp/vendor/laravel/framework/src/Illuminate/Routing/Controller.php(54): App\\Http\\Controllers\\EmployeeController->index()
#1 /home/maher/Desktop/ERP-Back-End/erp/vendor/laravel/framework/src/Illuminate/Routing/ControllerDispatcher.php(45): Illuminate\\Routing\\Controller->callAction()
#2 /home/maher/Desktop/ERP-Back-End/erp/vendor/laravel/framework/src/Illuminate/Routing/Route.php(239): Illuminate\\Routing\\ControllerDispatcher->dispatch()
#3 /home/maher/Desktop/ERP-Back-End/erp/vendor/laravel/framework/src/Illuminate/Routing/Route.php(196): Illuminate\\Routing\\Route->runController()
#4 /home/maher/Desktop/ERP-Back-End/erp/vendor/laravel/framework/src/Illuminate/Routing/Router.php(685): Illuminate\\Routing\\Route->run()
#5 /home/maher/Desktop/ERP-Back-End/erp/vendor/laravel/framework/src/Illuminate/Pipeline/Pipeline.php(128): Illuminate\\Routing\\Router->Illuminate\\Routing\\{closure}()
#6 /home/maher/Desktop/ERP-Back-End/erp/vendor/laravel/framework/src/Illuminate/Routing/Middleware/SubstituteBindings.php(41): Illuminate\\Pipeline\\Pipeline->Illuminate\\Pipeline\\{closure}()
#7 /home/maher/Desktop/ERP-Back-End/erp/vendor/laravel/framework/src/Illuminate/Pipeline/Pipeline.php(167): Illuminate\\Routing\\Middleware\\SubstituteBindings->handle()
#8 /home/maher/Desktop/ERP-Back-End/erp/vendor/laravel/framework/src/Illuminate/Routing/Middleware/ThrottleRequests.php(59): Illuminate\\Pipeline\\Pipeline->Illuminate\\Pipeline\\{closure}()
#9 /home/maher/Desktop/ERP-Back-End/erp/vendor/laravel/framework/src/Illuminate/Pipeline/Pipeline.php(167): Illuminate\\Routing\\Middleware\\ThrottleRequests->handle()
#10 /home/maher/Desktop/ERP-Back-End/erp/vendor/laravel/framework/src/Illuminate/Pipeline/Pipeline.php(103): Illuminate\\Pipeline\\Pipeline->Illuminate\\Pipeline\\{closure}()
#11 /home/maher/Desktop/ERP-Back-End/erp/vendor/laravel/framework/src/Illuminate/Routing/Router.php(687): Illuminate\\Pipeline\\Pipeline->then()
#12 /home/maher/Desktop/ERP-Back-End/erp/vendor/laravel/framework/src/Illuminate/Routing/Router.php(662): Illuminate\\Routing\\Router->runRouteWithinStack()
#13 /home/maher/Desktop/ERP-Back-End/erp/vendor/laravel/framework/src/Illuminate/Routing/Router.php(628): Illuminate\\Routing\\Router->runRoute()
#14 /home/maher/Desktop/ERP-Back-End/erp/vendor/laravel/framework/src/Illuminate/Routing/Router.php(617): Illuminate\\Routing\\Router->dispatchToRoute()
#15 /home/maher/Desktop/ERP-Back-End/erp/vendor/laravel/framework/src/Illuminate/Foundation/Http/Kernel.php(165): Illuminate\\Routing\\Router->dispatch()
#16 /home/maher/Desktop/ERP-Back-End/erp/vendor/laravel/framework/src/Illuminate/Pipeline/Pipeline.php(128): Illuminate\\Foundation\\Http\\Kernel->Illuminate\\Foundation\\Http\\{closure}()
#17 /home/maher/Desktop/ERP-Back-End/erp/vendor/laravel/framework/src/Illuminate/Foundation/Http/Middleware/TransformsRequest.php(21): Illuminate\\Pipeline\\Pipeline->Illuminate\\Pipeline\\{closure}()
#18 /home/maher/Desktop/ERP-Back-End/erp/vendor/laravel/framework/src/Illuminate/Pipeline/Pipeline.php(167): Illuminate\\Foundation\\Http\\Middleware\\TransformsRequest->handle()
#19 /home/maher/Desktop/ERP-Back-End/erp/vendor/laravel/framework/src/Illuminate/Foundation/Http/Middleware/TransformsRequest.php(21): Illuminate\\Pipeline\\Pipeline->Illuminate\\Pipeline\\{closure}()
#20 /home/maher/Desktop/ERP-Back-End/erp/vendor/laravel/framework/src/Illuminate/Pipeline/Pipeline.php(167): Illuminate\\Foundation\\Http\\Middleware\\TransformsRequest->handle()
#21 /home/maher/Desktop/ERP-Back-End/erp/vendor/laravel/framework/src/Illuminate/Foundation/Http/Middleware/ValidatePostSize.php(27): Illuminate\\Pipeline\\Pipeline->Illuminate\\Pipeline\\{closure}()
#22 /home/maher/Desktop/ERP-Back-End/erp/vendor/laravel/framework/src/Illuminate/Pipeline/Pipeline.php(167): Illuminate\\Foundation\\Http\\Middleware\\ValidatePostSize->handle()
#23 /home/maher/Desktop/ERP-Back-End/erp/vendor/laravel/framework/src/Illuminate/Foundation/Http/Middleware/CheckForMaintenanceMode.php(63): Illuminate\\Pipeline\\Pipeline->Illuminate\\Pipeline\\{closure}()
#24 /home/maher/Desktop/ERP-Back-End/erp/vendor/laravel/framework/src/Illuminate/Pipeline/Pipeline.php(167): Illuminate\\Foundation\\Http\\Middleware\\CheckForMaintenanceMode->handle()
#25 /home/maher/Desktop/ERP-Back-End/erp/vendor/fruitcake/laravel-cors/src/HandleCors.php(57): Illuminate\\Pipeline\\Pipeline->Illuminate\\Pipeline\\{closure}()
#26 /home/maher/Desktop/ERP-Back-End/erp/vendor/laravel/framework/src/Illuminate/Pipeline/Pipeline.php(167): Fruitcake\\Cors\\HandleCors->handle()
#27 /home/maher/Desktop/ERP-Back-End/erp/vendor/fideloper/proxy/src/TrustProxies.php(57): Illuminate\\Pipeline\\Pipeline->Illuminate\\Pipeline\\{closure}()
#28 /home/maher/Desktop/ERP-Back-End/erp/vendor/laravel/framework/src/Illuminate/Pipeline/Pipeline.php(167): Fideloper\\Proxy\\TrustProxies->handle()
#29 /home/maher/Desktop/ERP-Back-End/erp/vendor/laravel/framework/src/Illuminate/Pipeline/Pipeline.php(103): Illuminate\\Pipeline\\Pipeline->Illuminate\\Pipeline\\{closure}()
#30 /home/maher/Desktop/ERP-Back-End/erp/vendor/laravel/framework/src/Illuminate/Foundation/Http/Kernel.php(140): Illuminate\\Pipeline\\Pipeline->then()
#31 /home/maher/Desktop/ERP-Back-End/erp/vendor/laravel/framework/src/Illuminate/Foundation/Http/Kernel.php(109): Illuminate\\Foundation\\Http\\Kernel->sendRequestThroughRouter()
#32 /home/maher/Desktop/ERP-Back-End/erp/public/index.php(55): Illuminate\\Foundation\\Http\\Kernel->handle()
#33 /home/maher/Desktop/ERP-Back-End/erp/server.php(21): require_once('/home/maher/Des...')
#34 {main}
"} 
[2020-12-29 07:31:44] local.ERROR: Class 'App\Http\Controllers\Employee' not found {"exception":"[object] (Error(code: 0): Class 'App\\Http\\Controllers\\Employee' not found at /home/maher/Desktop/ERP-Back-End/erp/app/Http/Controllers/EmployeeController.php:17)
[stacktrace]
#0 /home/maher/Desktop/ERP-Back-End/erp/vendor/laravel/framework/src/Illuminate/Routing/Controller.php(54): App\\Http\\Controllers\\EmployeeController->index()
#1 /home/maher/Desktop/ERP-Back-End/erp/vendor/laravel/framework/src/Illuminate/Routing/ControllerDispatcher.php(45): Illuminate\\Routing\\Controller->callAction()
#2 /home/maher/Desktop/ERP-Back-End/erp/vendor/laravel/framework/src/Illuminate/Routing/Route.php(239): Illuminate\\Routing\\ControllerDispatcher->dispatch()
#3 /home/maher/Desktop/ERP-Back-End/erp/vendor/laravel/framework/src/Illuminate/Routing/Route.php(196): Illuminate\\Routing\\Route->runController()
#4 /home/maher/Desktop/ERP-Back-End/erp/vendor/laravel/framework/src/Illuminate/Routing/Router.php(685): Illuminate\\Routing\\Route->run()
#5 /home/maher/Desktop/ERP-Back-End/erp/vendor/laravel/framework/src/Illuminate/Pipeline/Pipeline.php(128): Illuminate\\Routing\\Router->Illuminate\\Routing\\{closure}()
#6 /home/maher/Desktop/ERP-Back-End/erp/vendor/laravel/framework/src/Illuminate/Routing/Middleware/SubstituteBindings.php(41): Illuminate\\Pipeline\\Pipeline->Illuminate\\Pipeline\\{closure}()
#7 /home/maher/Desktop/ERP-Back-End/erp/vendor/laravel/framework/src/Illuminate/Pipeline/Pipeline.php(167): Illuminate\\Routing\\Middleware\\SubstituteBindings->handle()
#8 /home/maher/Desktop/ERP-Back-End/erp/vendor/laravel/framework/src/Illuminate/Routing/Middleware/ThrottleRequests.php(59): Illuminate\\Pipeline\\Pipeline->Illuminate\\Pipeline\\{closure}()
#9 /home/maher/Desktop/ERP-Back-End/erp/vendor/laravel/framework/src/Illuminate/Pipeline/Pipeline.php(167): Illuminate\\Routing\\Middleware\\ThrottleRequests->handle()
#10 /home/maher/Desktop/ERP-Back-End/erp/vendor/laravel/framework/src/Illuminate/Pipeline/Pipeline.php(103): Illuminate\\Pipeline\\Pipeline->Illuminate\\Pipeline\\{closure}()
#11 /home/maher/Desktop/ERP-Back-End/erp/vendor/laravel/framework/src/Illuminate/Routing/Router.php(687): Illuminate\\Pipeline\\Pipeline->then()
#12 /home/maher/Desktop/ERP-Back-End/erp/vendor/laravel/framework/src/Illuminate/Routing/Router.php(662): Illuminate\\Routing\\Router->runRouteWithinStack()
#13 /home/maher/Desktop/ERP-Back-End/erp/vendor/laravel/framework/src/Illuminate/Routing/Router.php(628): Illuminate\\Routing\\Router->runRoute()
#14 /home/maher/Desktop/ERP-Back-End/erp/vendor/laravel/framework/src/Illuminate/Routing/Router.php(617): Illuminate\\Routing\\Router->dispatchToRoute()
#15 /home/maher/Desktop/ERP-Back-End/erp/vendor/laravel/framework/src/Illuminate/Foundation/Http/Kernel.php(165): Illuminate\\Routing\\Router->dispatch()
#16 /home/maher/Desktop/ERP-Back-End/erp/vendor/laravel/framework/src/Illuminate/Pipeline/Pipeline.php(128): Illuminate\\Foundation\\Http\\Kernel->Illuminate\\Foundation\\Http\\{closure}()
#17 /home/maher/Desktop/ERP-Back-End/erp/vendor/laravel/framework/src/Illuminate/Foundation/Http/Middleware/TransformsRequest.php(21): Illuminate\\Pipeline\\Pipeline->Illuminate\\Pipeline\\{closure}()
#18 /home/maher/Desktop/ERP-Back-End/erp/vendor/laravel/framework/src/Illuminate/Pipeline/Pipeline.php(167): Illuminate\\Foundation\\Http\\Middleware\\TransformsRequest->handle()
#19 /home/maher/Desktop/ERP-Back-End/erp/vendor/laravel/framework/src/Illuminate/Foundation/Http/Middleware/TransformsRequest.php(21): Illuminate\\Pipeline\\Pipeline->Illuminate\\Pipeline\\{closure}()
#20 /home/maher/Desktop/ERP-Back-End/erp/vendor/laravel/framework/src/Illuminate/Pipeline/Pipeline.php(167): Illuminate\\Foundation\\Http\\Middleware\\TransformsRequest->handle()
#21 /home/maher/Desktop/ERP-Back-End/erp/vendor/laravel/framework/src/Illuminate/Foundation/Http/Middleware/ValidatePostSize.php(27): Illuminate\\Pipeline\\Pipeline->Illuminate\\Pipeline\\{closure}()
#22 /home/maher/Desktop/ERP-Back-End/erp/vendor/laravel/framework/src/Illuminate/Pipeline/Pipeline.php(167): Illuminate\\Foundation\\Http\\Middleware\\ValidatePostSize->handle()
#23 /home/maher/Desktop/ERP-Back-End/erp/vendor/laravel/framework/src/Illuminate/Foundation/Http/Middleware/CheckForMaintenanceMode.php(63): Illuminate\\Pipeline\\Pipeline->Illuminate\\Pipeline\\{closure}()
#24 /home/maher/Desktop/ERP-Back-End/erp/vendor/laravel/framework/src/Illuminate/Pipeline/Pipeline.php(167): Illuminate\\Foundation\\Http\\Middleware\\CheckForMaintenanceMode->handle()
#25 /home/maher/Desktop/ERP-Back-End/erp/vendor/fruitcake/laravel-cors/src/HandleCors.php(57): Illuminate\\Pipeline\\Pipeline->Illuminate\\Pipeline\\{closure}()
#26 /home/maher/Desktop/ERP-Back-End/erp/vendor/laravel/framework/src/Illuminate/Pipeline/Pipeline.php(167): Fruitcake\\Cors\\HandleCors->handle()
#27 /home/maher/Desktop/ERP-Back-End/erp/vendor/fideloper/proxy/src/TrustProxies.php(57): Illuminate\\Pipeline\\Pipeline->Illuminate\\Pipeline\\{closure}()
#28 /home/maher/Desktop/ERP-Back-End/erp/vendor/laravel/framework/src/Illuminate/Pipeline/Pipeline.php(167): Fideloper\\Proxy\\TrustProxies->handle()
#29 /home/maher/Desktop/ERP-Back-End/erp/vendor/laravel/framework/src/Illuminate/Pipeline/Pipeline.php(103): Illuminate\\Pipeline\\Pipeline->Illuminate\\Pipeline\\{closure}()
#30 /home/maher/Desktop/ERP-Back-End/erp/vendor/laravel/framework/src/Illuminate/Foundation/Http/Kernel.php(140): Illuminate\\Pipeline\\Pipeline->then()
#31 /home/maher/Desktop/ERP-Back-End/erp/vendor/laravel/framework/src/Illuminate/Foundation/Http/Kernel.php(109): Illuminate\\Foundation\\Http\\Kernel->sendRequestThroughRouter()
#32 /home/maher/Desktop/ERP-Back-End/erp/public/index.php(55): Illuminate\\Foundation\\Http\\Kernel->handle()
#33 /home/maher/Desktop/ERP-Back-End/erp/server.php(21): require_once('/home/maher/Des...')
#34 {main}
"} 
